Using pre-set license
Built from '2022.2/staging' branch; Version is '2022.2.19f1 (765657fe9343) revision 7755351'; Using compiler version '192829333'; Build Type 'Release'
OS: 'Windows 11  (10.0.22631) 64bit CoreSingleLanguage' Language: 'tr' Physical Memory: 16163 MB
BatchMode: 1, IsHumanControllingUs: 0, StartBugReporterOnCrash: 0, Is64bit: 1, IsPro: 1

COMMAND LINE ARGUMENTS:
C:\Program Files\Unity\Hub\Editor\2022.2.19f1\Editor\Unity.exe
-adb2
-batchMode
-noUpm
-name
AssetImportWorker1
-projectPath
C:/Users/omert/OneDrive/Masaüstü/Dosyalarım/NeverDie/newww
-logFile
Logs/AssetImportWorker1.log
-srvPort
57276
Successfully changed project path to: C:/Users/omert/OneDrive/Masaüstü/Dosyalarım/NeverDie/newww
C:/Users/omert/OneDrive/Masaüstü/Dosyalarım/NeverDie/newww
[UnityMemory] Configuration Parameters - Can be set up in boot.config
    "memorysetup-bucket-allocator-granularity=16"
    "memorysetup-bucket-allocator-bucket-count=8"
    "memorysetup-bucket-allocator-block-size=33554432"
    "memorysetup-bucket-allocator-block-count=8"
    "memorysetup-main-allocator-block-size=16777216"
    "memorysetup-thread-allocator-block-size=16777216"
    "memorysetup-gfx-main-allocator-block-size=16777216"
    "memorysetup-gfx-thread-allocator-block-size=16777216"
    "memorysetup-cache-allocator-block-size=4194304"
    "memorysetup-typetree-allocator-block-size=2097152"
    "memorysetup-profiler-bucket-allocator-granularity=16"
    "memorysetup-profiler-bucket-allocator-bucket-count=8"
    "memorysetup-profiler-bucket-allocator-block-size=33554432"
    "memorysetup-profiler-bucket-allocator-block-count=8"
    "memorysetup-profiler-allocator-block-size=16777216"
    "memorysetup-profiler-editor-allocator-block-size=1048576"
    "memorysetup-temp-allocator-size-main=16777216"
    "memorysetup-job-temp-allocator-block-size=2097152"
    "memorysetup-job-temp-allocator-block-size-background=1048576"
    "memorysetup-job-temp-allocator-reduction-small-platforms=262144"
    "memorysetup-temp-allocator-size-background-worker=32768"
    "memorysetup-temp-allocator-size-job-worker=262144"
    "memorysetup-temp-allocator-size-preload-manager=33554432"
    "memorysetup-temp-allocator-size-nav-mesh-worker=65536"
    "memorysetup-temp-allocator-size-audio-worker=65536"
    "memorysetup-temp-allocator-size-cloud-worker=32768"
    "memorysetup-temp-allocator-size-gi-baking-worker=262144"
    "memorysetup-temp-allocator-size-gfx=262144"
Player connection [23264] Host "[IP] 10.2.20.139 [Port] 0 [Flags] 2 [Guid] 1614057133 [EditorId] 1614057133 [Version] 1048832 [Id] WindowsEditor(7,Omer) [Debug] 1 [PackageName] WindowsEditor [ProjectName] Editor" joined multi-casting on [225.0.0.222:54997]...

Player connection [23264] Host "[IP] 10.2.20.139 [Port] 0 [Flags] 2 [Guid] 1614057133 [EditorId] 1614057133 [Version] 1048832 [Id] WindowsEditor(7,Omer) [Debug] 1 [PackageName] WindowsEditor [ProjectName] Editor" joined alternative multi-casting on [225.0.0.222:34997]...

Refreshing native plugins compatible for Editor in 5.11 ms, found 3 plugins.
Preloading 0 native plugins for Editor in 0.00 ms.
Initialize engine version: 2022.2.19f1 (765657fe9343)
[Subsystems] Discovering subsystems at path C:/Program Files/Unity/Hub/Editor/2022.2.19f1/Editor/Data/Resources/UnitySubsystems
[Subsystems] Discovering subsystems at path C:/Users/omert/OneDrive/Masaüstü/Dosyalarım/NeverDie/newww/Assets
GfxDevice: creating device client; threaded=0; jobified=0
Direct3D:
    Version:  Direct3D 11.0 [level 11.1]
    Renderer: NVIDIA GeForce RTX 3050 Ti Laptop GPU (ID=0x25a0)
    Vendor:   NVIDIA
    VRAM:     3990 MB
    Driver:   27.21.14.6275
Initialize mono
Mono path[0] = 'C:/Program Files/Unity/Hub/Editor/2022.2.19f1/Editor/Data/Managed'
Mono path[1] = 'C:/Program Files/Unity/Hub/Editor/2022.2.19f1/Editor/Data/MonoBleedingEdge/lib/mono/unityjit-win32'
Mono config path = 'C:/Program Files/Unity/Hub/Editor/2022.2.19f1/Editor/Data/MonoBleedingEdge/etc'
Using monoOptions --debugger-agent=transport=dt_socket,embedding=1,server=y,suspend=n,address=127.0.0.1:56784
Begin MonoManager ReloadAssembly
Registering precompiled unity dll's ...
Register platform support module: C:/Program Files/Unity/Hub/Editor/2022.2.19f1/Editor/Data/PlaybackEngines/AndroidPlayer/UnityEditor.Android.Extensions.dll
Register platform support module: C:/Program Files/Unity/Hub/Editor/2022.2.19f1/Editor/Data/PlaybackEngines/WindowsStandaloneSupport/UnityEditor.WindowsStandalone.Extensions.dll
Registered in 0.007122 seconds.
- Loaded All Assemblies, in  0.260 seconds
Native extension for WindowsStandalone target not found
Native extension for Android target not found
Android Extension - Scanning For ADB Devices 197 ms
Mono: successfully reloaded assembly
- Finished resetting the current domain, in  0.442 seconds
Domain Reload Profiling:
	ReloadAssembly (150ms)
		BeginReloadAssembly (69ms)
			ExecutionOrderSort (0ms)
			DisableScriptedObjects (0ms)
			BackupInstance (0ms)
			ReleaseScriptingObjects (0ms)
			CreateAndSetChildDomain (1ms)
		LoadAllAssembliesAndSetupDomain (0ms)
			LoadAssemblies (68ms)
			RebuildTransferFunctionScriptingTraits (0ms)
			SetupTypeCache (104ms)
				TypeCache.Initialize (103ms)
					TypeCache.ScanAssembly (101ms)
				ResolveRequiredComponents (0ms)
		FinalizeReload (0ms)
			ReleaseScriptCaches (0ms)
			RebuildScriptCaches (0ms)
			SetupLoadedEditorAssemblies (396ms)
				LogAssemblyErrors (0ms)
				InitializePlatformSupportModulesInManaged (282ms)
				SetLoadedEditorAssemblies (3ms)
				RefreshPlugins (0ms)
				BeforeProcessingInitializeOnLoad (1ms)
				ProcessInitializeOnLoadAttributes (74ms)
				ProcessInitializeOnLoadMethodAttributes (35ms)
				AfterProcessingInitializeOnLoad (0ms)
				EditorAssembliesLoaded (0ms)
			ExecutionOrderSort2 (0ms)
			AwakeInstancesAfterBackupRestoration (0ms)
========================================================================
Worker process is ready to serve import requests
Begin MonoManager ReloadAssembly
Symbol file LoadedFromMemory doesn't match image C:\Users\omert\OneDrive\Masaüstü\Dosyalarım\NeverDie\newww\Library\PackageCache\com.unity.visualscripting@1.8.0\Editor\VisualScripting.Core\Dependencies\YamlDotNet\Unity.VisualScripting.YamlDotNet.dll
Symbol file LoadedFromMemory doesn't match image C:\Users\omert\OneDrive\Masaüstü\Dosyalarım\NeverDie\newww\Library\PackageCache\com.unity.visualscripting@1.8.0\Editor\VisualScripting.Core\Dependencies\DotNetZip\Unity.VisualScripting.IonicZip.dll
- Loaded All Assemblies, in  0.558 seconds
Refreshing native plugins compatible for Editor in 2.88 ms, found 3 plugins.
Native extension for WindowsStandalone target not found
Native extension for Android target not found
Mono: successfully reloaded assembly
- Finished resetting the current domain, in  0.409 seconds
Domain Reload Profiling:
	ReloadAssembly (170ms)
		BeginReloadAssembly (103ms)
			ExecutionOrderSort (0ms)
			DisableScriptedObjects (5ms)
			BackupInstance (0ms)
			ReleaseScriptingObjects (0ms)
			CreateAndSetChildDomain (20ms)
		LoadAllAssembliesAndSetupDomain (387ms)
			LoadAssemblies (194ms)
			RebuildTransferFunctionScriptingTraits (0ms)
			SetupTypeCache (237ms)
				TypeCache.Initialize (221ms)
					TypeCache.ScanAssembly (216ms)
				ResolveRequiredComponents (4ms)
		FinalizeReload (0ms)
			ReleaseScriptCaches (0ms)
			RebuildScriptCaches (0ms)
			SetupLoadedEditorAssemblies (288ms)
				LogAssemblyErrors (0ms)
				InitializePlatformSupportModulesInManaged (20ms)
				SetLoadedEditorAssemblies (4ms)
				RefreshPlugins (0ms)
				BeforeProcessingInitializeOnLoad (47ms)
				ProcessInitializeOnLoadAttributes (199ms)
				ProcessInitializeOnLoadMethodAttributes (14ms)
				AfterProcessingInitializeOnLoad (4ms)
				EditorAssembliesLoaded (0ms)
			ExecutionOrderSort2 (0ms)
			AwakeInstancesAfterBackupRestoration (5ms)
Launched and connected shader compiler UnityShaderCompiler.exe after 0.03 seconds
Refreshing native plugins compatible for Editor in 2.08 ms, found 3 plugins.
Preloading 0 native plugins for Editor in 0.00 ms.
Unloading 3068 Unused Serialized files (Serialized files now loaded: 0)
Unloading 31 unused Assets / (302.3 KB). Loaded Objects now: 3535.
Memory consumption went from 114.8 MB to 114.5 MB.
Total: 2.573200 ms (FindLiveObjects: 0.210000 ms CreateObjectMapping: 0.071800 ms MarkObjects: 2.198700 ms  DeleteObjects: 0.091600 ms)

AssetImportParameters requested are different than current active one (requested -> active):
  custom:container-demuxer-ogg: 62fdf1f143b41e24485cea50d1cbac27 -> 
  custom:video-codec-MediaFoundation-h265: 746d11721c4dcdbdad8f713fa42b33f4 -> 
  custom:video-decoder-ogg-theora: a1e56fd34408186e4bbccfd4996cb3dc -> 
  custom:framework-win-MediaFoundation: 216162199b28c13a410421893ffa2e32 -> 
  custom:container-demuxer-webm: 4f35f7cbe854078d1ac9338744f61a02 -> 
  custom:container-muxer-webm: aa71ff27fc2769a1b78a27578f13a17b -> 
  custom:video-decoder-webm-vp8: 9c59270c3fd7afecdb556c50c9e8de78 -> 
  custom:AudioImporter_EditorPlatform: d09bf68614088b80899f8185d706f6e7 -> 
  custom:video-encoder-webm-vp8: eb34c28f22e8b96e1ab97ce403110664 -> 
  custom:audio-decoder-ogg-vorbis: bf7c407c2cedff20999df2af8eb42d56 -> 
  custom:audio-encoder-webm-vorbis: bf7c407c2cedff20999df2af8eb42d56 -> 
========================================================================
Received Import Request.
  Time since last request: 495499.230828 seconds.
  path: Assets/Scenes/SampleScene.unity
  artifactKey: Guid(9fc0d4010bbf28b4594072e72b8655ab) Importer(815301076,1909f56bfc062723c751e8b465ee728b)
Start importing Assets/Scenes/SampleScene.unity using Guid(9fc0d4010bbf28b4594072e72b8655ab) Importer(815301076,1909f56bfc062723c751e8b465ee728b)  -> (artifact id: '9d7f65c67aebc05c41432294ababcb5f') in 0.001473 seconds
Number of updated asset objects reloaded before import = 0
Number of asset objects unloaded after import = 0
========================================================================
Received Import Request.
  Time since last request: 10.442511 seconds.
  path: Assets/Character/Animatons/character1@Standing Walk Back (1).fbx
  artifactKey: Guid(3f8979a92ebb0be4e99d68ca9b58a6f6) Importer(815301076,1909f56bfc062723c751e8b465ee728b)
Start importing Assets/Character/Animatons/character1@Standing Walk Back (1).fbx using Guid(3f8979a92ebb0be4e99d68ca9b58a6f6) Importer(815301076,1909f56bfc062723c751e8b465ee728b)  -> (artifact id: '657c449e3fe0e02d29eec305626ef912') in 0.030406 seconds
Number of updated asset objects reloaded before import = 0
Number of asset objects unloaded after import = 135
========================================================================
Received Import Request.
  Time since last request: 186.065932 seconds.
  path: Assets/Character/Materials/body.mat
  artifactKey: Guid(81b05ba1985aea24db91abc2418f5a87) Importer(815301076,1909f56bfc062723c751e8b465ee728b)
Start importing Assets/Character/Materials/body.mat using Guid(81b05ba1985aea24db91abc2418f5a87) Importer(815301076,1909f56bfc062723c751e8b465ee728b)  -> (artifact id: 'c3ee16f1a656282bcbbe6d365fa19b97') in 0.235612 seconds
Number of updated asset objects reloaded before import = 0
Number of asset objects unloaded after import = 3
========================================================================
Received Import Request.
  Time since last request: 0.000020 seconds.
  path: Assets/Character/Materials/character1_Hair_diffuse.png
  artifactKey: Guid(cb5db214d9cbe284898aca851329f125) Importer(815301076,1909f56bfc062723c751e8b465ee728b)
Start importing Assets/Character/Materials/character1_Hair_diffuse.png using Guid(cb5db214d9cbe284898aca851329f125) Importer(815301076,1909f56bfc062723c751e8b465ee728b)  -> (artifact id: '01a6b970856ae0df2c6a386e4c95e7eb') in 0.017675 seconds
Number of updated asset objects reloaded before import = 0
Number of asset objects unloaded after import = 2
========================================================================
Received Import Request.
  Time since last request: 0.000027 seconds.
  path: Assets/Character/Materials/character1_Beard_normal.png
  artifactKey: Guid(f519cb5c753970f4ea031871104c8764) Importer(815301076,1909f56bfc062723c751e8b465ee728b)
Start importing Assets/Character/Materials/character1_Beard_normal.png using Guid(f519cb5c753970f4ea031871104c8764) Importer(815301076,1909f56bfc062723c751e8b465ee728b)  -> (artifact id: '1a1a57e661ab5f80a683eddf270ef38a') in 0.014502 seconds
Number of updated asset objects reloaded before import = 0
Number of asset objects unloaded after import = 2
========================================================================
Received Import Request.
  Time since last request: 0.000022 seconds.
  path: Assets/Character/Materials/character1_Bottom_diffuse.png
  artifactKey: Guid(5d5a8a9ae74e8504daab4d66be07af99) Importer(815301076,1909f56bfc062723c751e8b465ee728b)
Start importing Assets/Character/Materials/character1_Bottom_diffuse.png using Guid(5d5a8a9ae74e8504daab4d66be07af99) Importer(815301076,1909f56bfc062723c751e8b465ee728b)  -> (artifact id: '2dc50c01dd6e3fd8f22cf2b1f396e7cd') in 0.014218 seconds
Number of updated asset objects reloaded before import = 0
Number of asset objects unloaded after import = 2
========================================================================
Received Import Request.
  Time since last request: 0.000019 seconds.
  path: Assets/Character/Materials/character1_Beard_specular.png
  artifactKey: Guid(318a7501b20a72f4ea9cc8ea68f00cbb) Importer(815301076,1909f56bfc062723c751e8b465ee728b)
Start importing Assets/Character/Materials/character1_Beard_specular.png using Guid(318a7501b20a72f4ea9cc8ea68f00cbb) Importer(815301076,1909f56bfc062723c751e8b465ee728b)  -> (artifact id: '4e68ba9b9ca4c66323a4004590a866a4') in 0.013978 seconds
Number of updated asset objects reloaded before import = 0
Number of asset objects unloaded after import = 2
========================================================================
Received Import Request.
  Time since last request: 0.000019 seconds.
  path: Assets/Character/Materials/character1_Hair_gloss.png
  artifactKey: Guid(6a8b8f7919bc21a40b282f2cc433fc79) Importer(815301076,1909f56bfc062723c751e8b465ee728b)
Start importing Assets/Character/Materials/character1_Hair_gloss.png using Guid(6a8b8f7919bc21a40b282f2cc433fc79) Importer(815301076,1909f56bfc062723c751e8b465ee728b)  -> (artifact id: '829371bb11e1b1ab524771e478d225e7') in 0.011984 seconds
Number of updated asset objects reloaded before import = 0
Number of asset objects unloaded after import = 2
========================================================================
Received Import Request.
  Time since last request: 0.000016 seconds.
  path: Assets/Character/Materials/character1_Beard_diffuse.png
  artifactKey: Guid(8c41a710e422f414c96ee0b3176a35bb) Importer(815301076,1909f56bfc062723c751e8b465ee728b)
Start importing Assets/Character/Materials/character1_Beard_diffuse.png using Guid(8c41a710e422f414c96ee0b3176a35bb) Importer(815301076,1909f56bfc062723c751e8b465ee728b)  -> (artifact id: '536dcee851bd37795679c01efbf4a6fd') in 0.012807 seconds
Number of updated asset objects reloaded before import = 0
Number of asset objects unloaded after import = 2
========================================================================
Received Import Request.
  Time since last request: 0.000025 seconds.
  path: Assets/Character/Materials/character1_Body_gloss.png
  artifactKey: Guid(587e7416eaf6bb645a7545ab94cad027) Importer(815301076,1909f56bfc062723c751e8b465ee728b)
Start importing Assets/Character/Materials/character1_Body_gloss.png using Guid(587e7416eaf6bb645a7545ab94cad027) Importer(815301076,1909f56bfc062723c751e8b465ee728b)  -> (artifact id: '25dd23b787906831111565ae05b9f6e6') in 0.012511 seconds
Number of updated asset objects reloaded before import = 0
Number of asset objects unloaded after import = 2
========================================================================
Received Import Request.
  Time since last request: 0.000043 seconds.
  path: Assets/Character/Materials/character1_Body_specular.png
  artifactKey: Guid(fcdd35abef0484e4f89defe62bf99397) Importer(815301076,1909f56bfc062723c751e8b465ee728b)
Start importing Assets/Character/Materials/character1_Body_specular.png using Guid(fcdd35abef0484e4f89defe62bf99397) Importer(815301076,1909f56bfc062723c751e8b465ee728b)  -> (artifact id: '2e3764b4573ba5ed03de7f61429dc57c') in 0.012720 seconds
Number of updated asset objects reloaded before import = 0
Number of asset objects unloaded after import = 2
========================================================================
Received Import Request.
  Time since last request: 0.000019 seconds.
  path: Assets/Character/Materials/character1_Bottom_normal.png
  artifactKey: Guid(62032e08bc7a0cc43a041a2e2c4c9e8e) Importer(815301076,1909f56bfc062723c751e8b465ee728b)
Start importing Assets/Character/Materials/character1_Bottom_normal.png using Guid(62032e08bc7a0cc43a041a2e2c4c9e8e) Importer(815301076,1909f56bfc062723c751e8b465ee728b)  -> (artifact id: '5a2c58af0b3064645a99da3298d33095') in 0.012937 seconds
Number of updated asset objects reloaded before import = 0
Number of asset objects unloaded after import = 2
========================================================================
Received Import Request.
  Time since last request: 0.000018 seconds.
  path: Assets/Character/Materials/character1_Moustache_diffuse.png
  artifactKey: Guid(b96d44d78acd54649983ae7bd127f70c) Importer(815301076,1909f56bfc062723c751e8b465ee728b)
Start importing Assets/Character/Materials/character1_Moustache_diffuse.png using Guid(b96d44d78acd54649983ae7bd127f70c) Importer(815301076,1909f56bfc062723c751e8b465ee728b)  -> (artifact id: '527c9a758c6ca02c386d63c0a56ec416') in 0.011508 seconds
Number of updated asset objects reloaded before import = 0
Number of asset objects unloaded after import = 2
========================================================================
Received Import Request.
  Time since last request: 0.000020 seconds.
  path: Assets/Character/Materials/character1_Moustache_normal.png
  artifactKey: Guid(958e46980084c084bbc7b5b989932a50) Importer(815301076,1909f56bfc062723c751e8b465ee728b)
Start importing Assets/Character/Materials/character1_Moustache_normal.png using Guid(958e46980084c084bbc7b5b989932a50) Importer(815301076,1909f56bfc062723c751e8b465ee728b)  -> (artifact id: '5dbe1c1ee5069fe913e6f221fdd58633') in 0.014550 seconds
Number of updated asset objects reloaded before import = 0
Number of asset objects unloaded after import = 2
========================================================================
Received Import Request.
  Time since last request: 0.000022 seconds.
  path: Assets/Character/Materials/character1_Top_specular.png
  artifactKey: Guid(3ad6c5bdd21706644845d4105bbdb27a) Importer(815301076,1909f56bfc062723c751e8b465ee728b)
Start importing Assets/Character/Materials/character1_Top_specular.png using Guid(3ad6c5bdd21706644845d4105bbdb27a) Importer(815301076,1909f56bfc062723c751e8b465ee728b)  -> (artifact id: 'f59023d2ab8c9a72f22c7944da9e963b') in 0.011955 seconds
Number of updated asset objects reloaded before import = 0
Number of asset objects unloaded after import = 2
========================================================================
Received Import Request.
  Time since last request: 0.000022 seconds.
  path: Assets/Character/Materials/character1_Hair_normal.png
  artifactKey: Guid(a3bfd40e02cca7c4cbec170fa9ec4a7b) Importer(815301076,1909f56bfc062723c751e8b465ee728b)
Start importing Assets/Character/Materials/character1_Hair_normal.png using Guid(a3bfd40e02cca7c4cbec170fa9ec4a7b) Importer(815301076,1909f56bfc062723c751e8b465ee728b)  -> (artifact id: '5e98eb83b7cd94e3df270fe59f22ad21') in 0.012971 seconds
Number of updated asset objects reloaded before import = 0
Number of asset objects unloaded after import = 2
========================================================================
Received Import Request.
  Time since last request: 0.000020 seconds.
  path: Assets/Character/Materials/character1_Shoes_diffuse.png
  artifactKey: Guid(f165a3679683ec44f84fe4c4a7d6ed31) Importer(815301076,1909f56bfc062723c751e8b465ee728b)
Start importing Assets/Character/Materials/character1_Shoes_diffuse.png using Guid(f165a3679683ec44f84fe4c4a7d6ed31) Importer(815301076,1909f56bfc062723c751e8b465ee728b)  -> (artifact id: 'b9b4f146da611b45ca1dc0357ef07bac') in 0.013679 seconds
Number of updated asset objects reloaded before import = 0
Number of asset objects unloaded after import = 2
========================================================================
Received Import Request.
  Time since last request: 0.000101 seconds.
  path: Assets/Character/Materials/character1_Shoes_specular.png
  artifactKey: Guid(78665b086f2199d41af1f7c971f4eccd) Importer(815301076,1909f56bfc062723c751e8b465ee728b)
Start importing Assets/Character/Materials/character1_Shoes_specular.png using Guid(78665b086f2199d41af1f7c971f4eccd) Importer(815301076,1909f56bfc062723c751e8b465ee728b)  -> (artifact id: '746f715028c380cb70ea43c3de1bebe1') in 0.012800 seconds
Number of updated asset objects reloaded before import = 0
Number of asset objects unloaded after import = 2
========================================================================
Received Import Request.
  Time since last request: 0.000054 seconds.
  path: Assets/Character/Materials/character1_Bottom_gloss.png
  artifactKey: Guid(6701f221b8942e34aa98ae83b8d3126d) Importer(815301076,1909f56bfc062723c751e8b465ee728b)
Start importing Assets/Character/Materials/character1_Bottom_gloss.png using Guid(6701f221b8942e34aa98ae83b8d3126d) Importer(815301076,1909f56bfc062723c751e8b465ee728b)  -> (artifact id: '7bb734aade5c67cbec501c643987276b') in 0.012510 seconds
Number of updated asset objects reloaded before import = 0
Number of asset objects unloaded after import = 2
